Build started 2/23/2017 2:39:07 PM.
     1>Project "C:\Users\Jesse Schmidt\Documents\Yuba College\Spring 2017\MSTserial - 32\MSSerialRobot\MSSerialRobot\MSSerialRobot.vcxproj" on node 2 (Build target(s)).
     1>ClCompile:
         C:\Program Files (x86)\Microsoft Visual Studio 12.0\VC\bin\CL.exe /c /ZI /nologo /W3 /WX- /Od /Oy- /D WIN32 /D _DEBUG /D _CONSOLE /D _LIB /D _UNICODE /D UNICODE /Gm /EHsc /RTC1 /MDd /GS /fp:precise /Zc:wchar_t /Zc:forScope /Fo"Debug\\" /Fd"Debug\vc120.pdb" /Gd /TP /analyze- /errorReport:prompt ..\..\Robo1.cpp
         Robo1.cpp
     1>c:\users\jesse schmidt\documents\yuba college\spring 2017\mstserial - 32\robots.h(17): warning C4244: 'return' : conversion from 'double' to 'float', possible loss of data
                 c:\users\jesse schmidt\documents\yuba college\spring 2017\mstserial - 32\robo1.cpp(20) : see reference to function template instantiation 'NumReturn roundf<float>(NumReturn,int)' being compiled
                 with
                 [
                     NumReturn=float
                 ]
       Link:
         C:\Program Files (x86)\Microsoft Visual Studio 12.0\VC\bin\link.exe /ERRORREPORT:PROMPT /OUT:"C:\Users\Jesse Schmidt\Documents\Yuba College\Spring 2017\MSTserial - 32\MSSerialRobot\Debug\MSSerialRobot.exe" /INCREMENTAL /NOLOGO kernel32.lib user32.lib gdi32.lib winspool.lib comdlg32.lib advapi32.lib shell32.lib ole32.lib oleaut32.lib uuid.lib odbc32.lib odbccp32.lib /MANIFEST /MANIFESTUAC:"level='asInvoker' uiAccess='false'" /manifest:embed /DEBUG /PDB:"C:\Users\Jesse Schmidt\Documents\Yuba College\Spring 2017\MSTserial - 32\MSSerialRobot\Debug\MSSerialRobot.pdb" /SUBSYSTEM:CONSOLE /TLBID:1 /DYNAMICBASE /NXCOMPAT /IMPLIB:"C:\Users\Jesse Schmidt\Documents\Yuba College\Spring 2017\MSTserial - 32\MSSerialRobot\Debug\MSSerialRobot.lib" /MACHINE:X86 Debug\Kinematics.obj
         Debug\Robo1.obj
         Debug\Robots.obj
         Debug\tserial.obj
         MSSerialRobot.vcxproj -> C:\Users\Jesse Schmidt\Documents\Yuba College\Spring 2017\MSTserial - 32\MSSerialRobot\Debug\MSSerialRobot.exe
     1>Done Building Project "C:\Users\Jesse Schmidt\Documents\Yuba College\Spring 2017\MSTserial - 32\MSSerialRobot\MSSerialRobot\MSSerialRobot.vcxproj" (Build target(s)).

Build succeeded.

Time Elapsed 00:00:02.15
